This is XeTeX, Version 3.1415926-2.3-0.9997.5 (TeX Live 2011) (format=xelatex 2011.7.3)  22 OCT 2011 16:40
entering extended mode
 restricted \write18 enabled.
 %&-line parsing enabled.
**Proposal.tex
(./Proposal.tex
LaTeX2e <2009/09/24>
Babel <v3.8l> and hyphenation patterns for english, dumylang, nohyphenation, ge
rman-x-2009-06-19, ngerman-x-2009-06-19, afrikaans, ancientgreek, ibycus, arabi
c, armenian, basque, bulgarian, catalan, pinyin, coptic, croatian, czech, danis
h, dutch, ukenglish, usenglishmax, esperanto, estonian, ethiopic, farsi, finnis
h, french, galician, german, ngerman, swissgerman, monogreek, greek, hungarian,
 icelandic, assamese, bengali, gujarati, hindi, kannada, malayalam, marathi, or
iya, panjabi, tamil, telugu, indonesian, interlingua, irish, italian, kurmanji,
 lao, latin, latvian, lithuanian, mongolian, mongolianlmc, bokmal, nynorsk, pol
ish, portuguese, romanian, russian, sanskrit, serbian, serbianc, slovak, sloven
ian, spanish, swedish, turkish, turkmen, ukrainian, uppersorbian, welsh, loaded
.
(/usr/local/texlive/2011/texmf-dist/tex/latex/base/article.cls
Document Class: article 2007/10/19 v1.4h Standard LaTeX document class
(/usr/local/texlive/2011/texmf-dist/tex/latex/base/size10.clo
File: size10.clo 2007/10/19 v1.4h Standard LaTeX file (size option)
)
\c@part=\count80
\c@section=\count81
\c@subsection=\count82
\c@subsubsection=\count83
\c@paragraph=\count84
\c@subparagraph=\count85
\c@figure=\count86
\c@table=\count87
\abovecaptionskip=\skip41
\belowcaptionskip=\skip42
\bibindent=\dimen102
)
(/usr/local/texlive/2011/../texmf-local/tex/latex/local/jahstyle.sty
(/usr/local/texlive/2011/texmf-dist/tex/latex/graphics/color.sty
Package: color 2005/11/14 v1.0j Standard LaTeX Color (DPC)

(/usr/local/texlive/2011/texmf-dist/tex/latex/latexconfig/color.cfg
File: color.cfg 2007/01/18 v1.5 color configuration of teTeX/TeXLive
)
Package color Info: Driver file: xetex.def on input line 130.

(/usr/local/texlive/2011/texmf-dist/tex/xelatex/xetex-def/xetex.def
File: xetex.def 2009/11/22 v0.94 LaTeX color/graphics driver for XeTeX (RRM/JK)

)
(/usr/local/texlive/2011/texmf-dist/tex/latex/graphics/dvipsnam.def
File: dvipsnam.def 1999/02/16 v3.0i Driver-dependant file (DPC,SPQR)
))
(/usr/local/texlive/2011/texmf-dist/tex/latex/geometry/geometry.sty
Package: geometry 2010/09/12 v5.6 Page Geometry

(/usr/local/texlive/2011/texmf-dist/tex/latex/graphics/keyval.sty
Package: keyval 1999/03/16 v1.13 key=value parser (DPC)
\KV@toks@=\toks14
)
(/usr/local/texlive/2011/texmf-dist/tex/generic/oberdiek/ifpdf.sty
Package: ifpdf 2011/01/30 v2.3 Provides the ifpdf switch (HO)
Package ifpdf Info: pdfTeX in PDF mode is not detected.
)
(/usr/local/texlive/2011/texmf-dist/tex/generic/oberdiek/ifvtex.sty
Package: ifvtex 2010/03/01 v1.5 Switches for detecting VTeX and its modes (HO)
Package ifvtex Info: VTeX not detected.
)
(/usr/local/texlive/2011/texmf-dist/tex/generic/ifxetex/ifxetex.sty
Package: ifxetex 2010/09/12 v0.6 Provides ifxetex conditional
)
\Gm@cnth=\count88
\Gm@cntv=\count89
\c@Gm@tempcnt=\count90
\Gm@bindingoffset=\dimen103
\Gm@wd@mp=\dimen104
\Gm@odd@mp=\dimen105
\Gm@even@mp=\dimen106
\Gm@layoutwidth=\dimen107
\Gm@layoutheight=\dimen108
\Gm@layouthoffset=\dimen109
\Gm@layoutvoffset=\dimen110
\Gm@dimlist=\toks15
)
(/usr/local/texlive/2011/texmf-dist/tex/latex/fontspec/fontspec.sty
Package: fontspec 2011/02/26 v2.1f Advanced font selection for XeLaTeX/LuaLaTeX


(/usr/local/texlive/2011/texmf-dist/tex/latex/expl3/expl3.sty
(/usr/local/texlive/2011/texmf-dist/tex/latex/expl3/l3names.sty
Package: l3names 2011/01/08 v2122 L3 Experimental Naming Scheme for TeX Primiti
ves
)
Package: expl3 2011/04/09 v2222 L3 Experimental code bundle wrapper

(/usr/local/texlive/2011/texmf-dist/tex/latex/etex-pkg/etex.sty
Package: etex 1998/03/26 v2.0 eTeX basic definition package (PEB)
\et@xins=\count91
)
(/usr/local/texlive/2011/texmf-dist/tex/latex/expl3/l3basics.sty
Package: l3basics 2011/04/23 v2246 L3 Experimental basic definitions
)
(/usr/local/texlive/2011/texmf-dist/tex/latex/expl3/l3expan.sty
Package: l3expan 2011/04/09 v2223 L3 Experimental Argument Expansion module
)
(/usr/local/texlive/2011/texmf-dist/tex/latex/expl3/l3tl.sty
Package: l3tl 2011/04/09 v2223 L3 Experimental Token Lists
)
(/usr/local/texlive/2011/texmf-dist/tex/latex/expl3/l3int.sty
Package: l3int 2011/04/11 v2229 L3 Experimental Integer module
\l_tmpa_int=\count92
\l_tmpb_int=\count93
\l_tmpc_int=\count94
\g_tmpa_int=\count95
\g_tmpb_int=\count96
\c_max_int=\count97
\g_tl_inline_level_int=\count98
\g_prg_inline_level_int=\count99
)
(/usr/local/texlive/2011/texmf-dist/tex/latex/expl3/l3quark.sty
Package: l3quark 2011/04/14 v2234 L3 Experimental Quark Commands
)
(/usr/local/texlive/2011/texmf-dist/tex/latex/expl3/l3seq.sty
Package: l3seq 2011/04/21 v2245 The LaTeX3 kernel: sequences and stacks
\g_seq_nesting_depth_int=\count100
)
(/usr/local/texlive/2011/texmf-dist/tex/latex/expl3/l3toks.sty
Package: l3toks 2011/04/09 v2223 L3 Experimental Token Registers
\l_tmpb_toks=\toks16
\l_tmpc_toks=\toks17
\g_tmpa_toks=\toks18
\g_tmpb_toks=\toks19
\g_tmpc_toks=\toks20
\c_empty_toks=\toks21
\l_tl_replace_toks=\toks22
)
(/usr/local/texlive/2011/texmf-dist/tex/latex/expl3/l3prg.sty
Package: l3prg 2011/04/09 v2223 L3 Experimental control structures
)
(/usr/local/texlive/2011/texmf-dist/tex/latex/expl3/l3clist.sty
Package: l3clist 2011/04/09 v2223 L3 Experimental comma separated lists
\g_clist_map_inline_int=\count101
)
(/usr/local/texlive/2011/texmf-dist/tex/latex/expl3/l3token.sty
Package: l3token 2011/04/09 v2223 L3 Experimental token investigation and manip
ulation
)
(/usr/local/texlive/2011/texmf-dist/tex/latex/expl3/l3prop.sty
Package: l3prop 2011/04/09 v2223 L3 Experimental Property Lists
\g_prop_inline_level_int=\count102
)
(/usr/local/texlive/2011/texmf-dist/tex/latex/expl3/l3msg.sty
Package: l3msg 2010/10/02 v2052 L3 Experimental LaTeX Messages module
\l_msg_redirect_classes_prop=\toks23
\l_msg_redirect_names_prop=\toks24
\l_msg_redirect_fatal_prop=\toks25
\l_msg_redirect_error_prop=\toks26
\l_msg_redirect_warning_prop=\toks27
\l_msg_redirect_info_prop=\toks28
\l_msg_redirect_log_prop=\toks29
\l_msg_redirect_trace_prop=\toks30
\l_msg_redirect_none_prop=\toks31
)
(/usr/local/texlive/2011/texmf-dist/tex/latex/expl3/l3io.sty
Package: l3io 2010/10/03 v2063 L3 Experimental i/o module
\g_iow_streams_prop=\toks32
\g_ior_streams_prop=\toks33
\l_iow_stream_int=\count103
)
(/usr/local/texlive/2011/texmf-dist/tex/latex/expl3/l3skip.sty
Package: l3skip 2011/02/15 v2149 L3 Experimental skip registers
\l_tmpa_skip=\skip43
\l_tmpb_skip=\skip44
\l_tmpc_skip=\skip45
\g_tmpa_skip=\skip46
\g_tmpb_skip=\skip47
\l_tmpa_dim=\dimen111
\l_tmpb_dim=\dimen112
\l_tmpc_dim=\dimen113
\l_tmpd_dim=\dimen114
\g_tmpa_dim=\dimen115
\g_tmpb_dim=\dimen116
)
(/usr/local/texlive/2011/texmf-dist/tex/latex/expl3/l3box.sty
Package: l3box 2011/04/09 v2223 L3 Experimental Box module
\l_tmpb_box=\box26
)
(/usr/local/texlive/2011/texmf-dist/tex/latex/expl3/l3keyval.sty
Package: l3keyval 2011/04/09 v2223 L3 Experimental keyval processing
\l_KV_level_int=\count104
)
(/usr/local/texlive/2011/texmf-dist/tex/latex/expl3/l3keys.sty
Package: l3keys 2010/11/11 v2082 L3 Experimental key-value support
\l_keys_choice_int=\count105
)
(/usr/local/texlive/2011/texmf-dist/tex/latex/expl3/l3precom.sty
Package: l3precom 2011/04/09 v2223 L3 Experimental precompilation module
\g_gen_sym_int=\count106
\g_ggen_sym_int=\count107
)
(/usr/local/texlive/2011/texmf-dist/tex/latex/expl3/l3xref.sty
Package: l3xref 2011/04/09 v2223 L3 Experimental cross referencing
\g_xref_all_curr_immediate_fields_prop=\toks34
\g_xref_all_curr_deferred_fields_prop=\toks35
)
(/usr/local/texlive/2011/texmf-dist/tex/latex/expl3/l3file.sty
Package: l3file 2011/04/21 v2242 The LaTeX3 kernel: file operations
)
(/usr/local/texlive/2011/texmf-dist/tex/latex/expl3/l3fp.sty
Package: l3fp 2011/03/19 v2201 L3 Experimental floating-point operations
\c_one_million=\count108
\c_one_hundred_million=\count109
\c_five_hundred_million=\count110
\c_one_thousand_million=\count111
\c_fp_pi_by_four_decimal_int=\count112
\c_fp_pi_by_four_extended_int=\count113
\c_fp_pi_decimal_int=\count114
\c_fp_pi_extended_int=\count115
\c_fp_two_pi_decimal_int=\count116
\c_fp_two_pi_extended_int=\count117
\l_fp_count_int=\count118
\l_fp_div_offset_int=\count119
\l_fp_exp_integer_int=\count120
\l_fp_exp_decimal_int=\count121
\l_fp_exp_extended_int=\count122
\l_fp_exp_exponent_int=\count123
\l_fp_input_a_sign_int=\count124
\l_fp_input_a_integer_int=\count125
\l_fp_input_a_decimal_int=\count126
\l_fp_input_a_exponent_int=\count127
\l_fp_input_b_sign_int=\count128
\l_fp_input_b_integer_int=\count129
\l_fp_input_b_decimal_int=\count130
\l_fp_input_b_exponent_int=\count131
\l_fp_input_a_extended_int=\count132
\l_fp_input_b_extended_int=\count133
\l_fp_mul_a_i_int=\count134
\l_fp_mul_a_ii_int=\count135
\l_fp_mul_a_iii_int=\count136
\l_fp_mul_a_iv_int=\count137
\l_fp_mul_a_v_int=\count138
\l_fp_mul_a_vi_int=\count139
\l_fp_mul_b_i_int=\count140
\l_fp_mul_b_ii_int=\count141
\l_fp_mul_b_iii_int=\count142
\l_fp_mul_b_iv_int=\count143
\l_fp_mul_b_v_int=\count144
\l_fp_mul_b_vi_int=\count145
\l_fp_mul_output_int=\count146
\l_fp_output_sign_int=\count147
\l_fp_output_integer_int=\count148
\l_fp_output_decimal_int=\count149
\l_fp_output_exponent_int=\count150
\l_fp_output_extended_int=\count151
\l_fp_round_position_int=\count152
\l_fp_round_target_int=\count153
\l_fp_split_sign_int=\count154
\l_fp_tmp_int=\count155
\l_fp_trig_octant_int=\count156
\l_fp_trig_sign_int=\count157
\l_fp_trig_decimal_int=\count158
\l_fp_trig_extended_int=\count159
\l_fp_tmp_dim=\dimen117
\l_fp_tmp_skip=\skip48
)
(/usr/local/texlive/2011/texmf-dist/tex/latex/expl3/l3luatex.sty
Package: l3luatex 2010/07/18 v1985 L3 Experimental LuaTeX functions
\g_cctab_allocate_int=\count160
\g_cctab_stack_int=\count161
)
(/usr/local/texlive/2011/texmf-dist/tex/latex/tools/calc.sty
Package: calc 2007/08/22 v4.3 Infix arithmetic (KKT,FJ)
\calc@Acount=\count162
\calc@Bcount=\count163
\calc@Adimen=\dimen118
\calc@Bdimen=\dimen119
\calc@Askip=\skip49
\calc@Bskip=\skip50
LaTeX Info: Redefining \setlength on input line 76.
LaTeX Info: Redefining \addtolength on input line 77.
\calc@Ccount=\count164
\calc@Cskip=\skip51
))
(/usr/local/texlive/2011/texmf-dist/tex/latex/xpackages/xbase/xparse.sty
Package: xparse 2011/04/08 v2219 Generic document command parser
\c_xparse_shorthands_prop=\toks36
\l_xparse_m_args_int=\count165
\l_xparse_mandatory_args_int=\count166
\l_xparse_processor_int=\count167
\l_xparse_total_args_int=\count168
)
(/usr/local/texlive/2011/texmf-dist/tex/generic/kastrup/binhex.tex)
\l_fontspec_script_int=\count169
\l_fontspec_language_int=\count170
\l_fontspec_strnum_int=\count171
Variant \tl_gset:cV already defined; not changing it on line 83

(/usr/local/texlive/2011/texmf-dist/tex/latex/xkeyval/xkeyval.sty
Package: xkeyval 2008/08/13 v2.6a package option processing (HA)

(/usr/local/texlive/2011/texmf-dist/tex/generic/xkeyval/xkeyval.tex
\XKV@toks=\toks37
\XKV@tempa@toks=\toks38
\XKV@depth=\count172
File: xkeyval.tex 2008/08/13 v2.6a key=value parser (HA)
))
(/usr/local/texlive/2011/texmf-dist/tex/latex/fontspec/fontspec-patches.sty
Package: fontspec-patches 2011/02/26 v2.1f Advanced font selection for XeLaTeX/
LuaLaTeX

(/usr/local/texlive/2011/texmf-dist/tex/latex/base/fixltx2e.sty
Package: fixltx2e 2006/09/13 v1.1m fixes to LaTeX
LaTeX Info: Redefining \em on input line 420.
)
LaTeX Info: Redefining \em on input line 22.
LaTeX Info: Redefining \emph on input line 29.
LaTeX Info: Redefining \- on input line 32.
)
(/usr/local/texlive/2011/texmf-dist/tex/latex/base/fontenc.sty
Package: fontenc 2005/09/27 v1.99g Standard LaTeX package

(/usr/local/texlive/2011/texmf-dist/tex/latex/euenc/eu1enc.def
File: eu1enc.def 2010/05/27 v0.1h Experimental Unicode font encodings
)
LaTeX Font Info:    Try loading font information for EU1+lmr on input line 100.


(/usr/local/texlive/2011/texmf-dist/tex/latex/euenc/eu1lmr.fd
File: eu1lmr.fd 2009/10/30 v1.6 Font defs for Latin Modern
))
(/usr/local/texlive/2011/texmf-dist/tex/xelatex/xunicode/xunicode.sty
File: xunicode.sty 2010/11/06 v0.96 provides access to latin accents and many o
ther characters in Unicode lower plane
)
 LaTeX info: Defining document command \fontspec
(LaTeX)  with arg. spec. 'O{}m' on line 335.

 LaTeX info: Defining document command \setmainfont
(LaTeX)  with arg. spec. 'O{}m' on line 339.

 LaTeX info: Defining document command \setsansfont
(LaTeX)  with arg. spec. 'O{}m' on line 343.

 LaTeX info: Defining document command \setmonofont
(LaTeX)  with arg. spec. 'O{}m' on line 347.

 LaTeX info: Defining document command \setmathrm
(LaTeX)  with arg. spec. 'O{}m' on line 351.

 LaTeX info: Defining document command \setboldmathrm
(LaTeX)  with arg. spec. 'O{}m' on line 354.

 LaTeX info: Defining document command \setmathsf
(LaTeX)  with arg. spec. 'O{}m' on line 357.

 LaTeX info: Defining document command \setmathtt
(LaTeX)  with arg. spec. 'O{}m' on line 360.

 LaTeX info: Defining document command \newfontfamily
(LaTeX)  with arg. spec. 'mO{}m' on line 377.

 LaTeX info: Defining document command \newfontface
(LaTeX)  with arg. spec. 'mO{}m' on line 380.

 LaTeX info: Defining document command \defaultfontfeatures
(LaTeX)  with arg. spec. 'm' on line 383.

 LaTeX info: Defining document command \addfontfeatures
(LaTeX)  with arg. spec. 'm' on line 400.

 LaTeX info: Defining document command \newfontfeature
(LaTeX)  with arg. spec. 'mm' on line 407.

 LaTeX info: Defining document command \newAATfeature
(LaTeX)  with arg. spec. 'mmmm' on line 416.

 LaTeX info: Defining document command \newICUfeature
(LaTeX)  with arg. spec. 'mmm' on line 425.

 LaTeX info: Defining document command \aliasfontfeature
(LaTeX)  with arg. spec. 'mm' on line 427.

 LaTeX info: Defining document command \aliasfontfeatureoption
(LaTeX)  with arg. spec. 'mmm' on line 430.

 LaTeX info: Defining document command \newfontscript
(LaTeX)  with arg. spec. 'mm' on line 435.

 LaTeX info: Defining document command \newfontlanguage
(LaTeX)  with arg. spec. 'mm' on line 457.

 LaTeX info: Defining document command \DeclareFontsExtensions
(LaTeX)  with arg. spec. 'm' on line 474.

\c@fontspec_tmp_int=\count173
LaTeX Info: Redefining \itshape on input line 2105.
LaTeX Info: Redefining \slshape on input line 2109.
LaTeX Info: Redefining \scshape on input line 2113.
LaTeX Info: Redefining \upshape on input line 2117.

(/usr/local/texlive/2011/texmf-dist/tex/latex/fontspec/fontspec.cfg))
 fontspec warning: OpenType feature 'Ligatures=Historic' (+hlig) not available
(fontspec)  for font 'Adobe Garamond Pro',
(fontspec)  with script 'Latin', and language 'Default'.

\g_fontspec_family_Adobe Garamond Pro_int=\count174
 fontspec info: Defining font family 'AdobeGaramondPro(0)' for font 'Adobe Gara
mond Pro' with options [ Ligatures={TeX,Historic} , Numbers=Lowercase ].

\g_fontspec_AdobeGaramondPro(0)_prop=\toks39
 fontspec warning: OpenType feature 'Ligatures=Historic' (+hlig) not available
(fontspec)  for font 'Adobe Garamond Pro',
(fontspec)  with script 'Latin', and language 'Default'.

 fontspec info: Defining shape 'normal' with NFSS spec.:
(fontspec)  <->"Adobe Garamond Pro/ICU:script=latn;language=DFLT;mapping=tex-te
xt;+onum;"

 fontspec warning: OpenType feature 'Ligatures=Historic' (+hlig) not available
(fontspec)  for font 'Adobe Garamond Pro',
(fontspec)  with script 'Latin', and language 'Default'.

 fontspec info: Defining shape 'small caps' with NFSS spec.:
(fontspec)  <->"Adobe Garamond Pro/ICU:script=latn;language=DFLT;mapping=tex-te
xt;+onum;+smcp;"

 fontspec warning: OpenType feature 'Ligatures=Historic' (+hlig) not available
(fontspec)  for font 'Adobe Garamond Pro/B',
(fontspec)  with script 'Latin', and language 'Default'.

 fontspec info: Defining shape 'bold' with NFSS spec.:
(fontspec)  <->"Adobe Garamond Pro/B/ICU:script=latn;language=DFLT;mapping=tex-
text;+onum;"

 fontspec warning: OpenType feature 'Ligatures=Historic' (+hlig) not available
(fontspec)  for font 'Adobe Garamond Pro/I',
(fontspec)  with script 'Latin', and language 'Default'.

 fontspec info: Defining shape 'italic' with NFSS spec.:
(fontspec)  <->"Adobe Garamond Pro/I/ICU:script=latn;language=DFLT;mapping=tex-
text;+onum;"

 fontspec warning: OpenType feature 'Ligatures=Historic' (+hlig) not available
(fontspec)  for font 'Adobe Garamond Pro/BI',
(fontspec)  with script 'Latin', and language 'Default'.

 fontspec info: Defining shape 'bold italic' with NFSS spec.:
(fontspec)  <->"Adobe Garamond Pro/BI/ICU:script=latn;language=DFLT;mapping=tex
-text;+onum;"

(/usr/local/texlive/2011/texmf-dist/tex/latex/titlesec/titlesec.sty
Package: titlesec 2007/08/12 v2.8 Sectioning titles
\ttl@box=\box27
\beforetitleunit=\skip52
\aftertitleunit=\skip53
\ttl@plus=\dimen120
\ttl@minus=\dimen121
\ttl@toksa=\toks40
\titlewidth=\dimen122
\titlewidthlast=\dimen123
\titlewidthfirst=\dimen124
)
(/usr/local/texlive/2011/texmf-dist/tex/latex/titlesec/block.tss
File: block.tss 2007/08/12
)
(/usr/local/texlive/2011/texmf-dist/tex/latex/fancyhdr/fancyhdr.sty
\fancy@headwidth=\skip54
\f@ncyO@elh=\skip55
\f@ncyO@erh=\skip56
\f@ncyO@olh=\skip57
\f@ncyO@orh=\skip58
\f@ncyO@elf=\skip59
\f@ncyO@erf=\skip60
\f@ncyO@olf=\skip61
\f@ncyO@orf=\skip62
)

Package Fancyhdr Warning: \fancyfoot's `E' option without twoside option is use
less on input line 69.

)
No file Proposal.aux.
\openout1 = `Proposal.aux'.

LaTeX Font Info:    Checking defaults for OML/cmm/m/it on input line 4.
LaTeX Font Info:    ... okay on input line 4.
LaTeX Font Info:    Checking defaults for T1/cmr/m/n on input line 4.
LaTeX Font Info:    ... okay on input line 4.
LaTeX Font Info:    Checking defaults for OT1/cmr/m/n on input line 4.
LaTeX Font Info:    ... okay on input line 4.
LaTeX Font Info:    Checking defaults for OMS/cmsy/m/n on input line 4.
LaTeX Font Info:    ... okay on input line 4.
LaTeX Font Info:    Checking defaults for OMX/cmex/m/n on input line 4.
LaTeX Font Info:    ... okay on input line 4.
LaTeX Font Info:    Checking defaults for U/cmr/m/n on input line 4.
LaTeX Font Info:    ... okay on input line 4.
LaTeX Font Info:    Checking defaults for EU1/lmr/m/n on input line 4.
LaTeX Font Info:    ... okay on input line 4.
*geometry* driver: auto-detecting
*geometry* detected driver: xetex
*geometry* verbose mode - [ preamble ] result:
* driver: xetex
* paper: <default>
* layout: <same size as paper>
* layoutoffset:(h,v)=(0.0pt,0.0pt)
* modes: 
* h-part:(L,W,R)=(54.2025pt, 361.34999pt, 198.74251pt)
* v-part:(T,H,B)=(57.81598pt, 650.43pt, 86.72401pt)
* \paperwidth=614.295pt
* \paperheight=794.96999pt
* \textwidth=361.34999pt
* \textheight=650.43pt
* \oddsidemargin=-18.06749pt
* \evensidemargin=-18.06749pt
* \topmargin=-51.45401pt
* \headheight=12.0pt
* \headsep=25.0pt
* \topskip=10.0pt
* \footskip=30.0pt
* \marginparwidth=130.08621pt
* \marginparsep=11.0pt
* \columnsep=10.0pt
* \skip\footins=9.0pt plus 4.0pt minus 2.0pt
* \hoffset=0.0pt
* \voffset=0.0pt
* \mag=1000
* \@twocolumnfalse
* \@twosidefalse
* \@mparswitchfalse
* \@reversemarginfalse
* (1in=72.27pt=25.4mm, 1cm=28.453pt)

 fontspec info: Adjusting the maths setup (use [no-math] to avoid this).

\symlegacymaths=\mathgroup4
LaTeX Font Info:    Overwriting symbol font `legacymaths' in version `bold'
(Font)                  OT1/cmr/m/n --> OT1/cmr/bx/n on input line 4.
LaTeX Font Info:    Redeclaring math accent \acute on input line 4.
LaTeX Font Info:    Redeclaring math accent \grave on input line 4.
LaTeX Font Info:    Redeclaring math accent \ddot on input line 4.
LaTeX Font Info:    Redeclaring math accent \tilde on input line 4.
LaTeX Font Info:    Redeclaring math accent \bar on input line 4.
LaTeX Font Info:    Redeclaring math accent \breve on input line 4.
LaTeX Font Info:    Redeclaring math accent \check on input line 4.
LaTeX Font Info:    Redeclaring math accent \hat on input line 4.
LaTeX Font Info:    Redeclaring math accent \dot on input line 4.
LaTeX Font Info:    Redeclaring math accent \mathring on input line 4.
LaTeX Font Info:    Redeclaring math symbol \colon on input line 4.
LaTeX Font Info:    Redeclaring math symbol \Gamma on input line 4.
LaTeX Font Info:    Redeclaring math symbol \Delta on input line 4.
LaTeX Font Info:    Redeclaring math symbol \Theta on input line 4.
LaTeX Font Info:    Redeclaring math symbol \Lambda on input line 4.
LaTeX Font Info:    Redeclaring math symbol \Xi on input line 4.
LaTeX Font Info:    Redeclaring math symbol \Pi on input line 4.
LaTeX Font Info:    Redeclaring math symbol \Sigma on input line 4.
LaTeX Font Info:    Redeclaring math symbol \Upsilon on input line 4.
LaTeX Font Info:    Redeclaring math symbol \Phi on input line 4.
LaTeX Font Info:    Redeclaring math symbol \Psi on input line 4.
LaTeX Font Info:    Redeclaring math symbol \Omega on input line 4.
LaTeX Font Info:    Redeclaring math symbol \mathdollar on input line 4.
LaTeX Font Info:    Redeclaring symbol font `operators' on input line 4.
LaTeX Font Info:    Encoding `OT1' has changed to `EU1' for symbol font
(Font)              `operators' in the math version `normal' on input line 4.
LaTeX Font Info:    Overwriting symbol font `operators' in version `normal'
(Font)                  OT1/cmr/m/n --> EU1/AdobeGaramondPro(0)/m/n on input li
ne 4.
LaTeX Font Info:    Encoding `OT1' has changed to `EU1' for symbol font
(Font)              `operators' in the math version `bold' on input line 4.
LaTeX Font Info:    Overwriting symbol font `operators' in version `bold'
(Font)                  OT1/cmr/bx/n --> EU1/AdobeGaramondPro(0)/m/n on input l
ine 4.
LaTeX Font Info:    Overwriting symbol font `operators' in version `normal'
(Font)                  EU1/AdobeGaramondPro(0)/m/n --> EU1/AdobeGaramondPro(0)
/m/n on input line 4.
LaTeX Font Info:    Overwriting math alphabet `\mathrm' in version `normal'
(Font)                  EU1/AdobeGaramondPro(0)/m/n --> EU1/AdobeGaramondPro(0)
/m/n on input line 4.
LaTeX Font Info:    Overwriting math alphabet `\mathit' in version `normal'
(Font)                  OT1/cmr/m/it --> EU1/AdobeGaramondPro(0)/m/it on input 
line 4.
LaTeX Font Info:    Overwriting math alphabet `\mathbf' in version `normal'
(Font)                  OT1/cmr/bx/n --> EU1/AdobeGaramondPro(0)/bx/n on input 
line 4.
LaTeX Font Info:    Overwriting math alphabet `\mathsf' in version `normal'
(Font)                  OT1/cmss/m/n --> EU1/lmss/m/n on input line 4.
LaTeX Font Info:    Overwriting math alphabet `\mathtt' in version `normal'
(Font)                  OT1/cmtt/m/n --> EU1/lmtt/m/n on input line 4.
LaTeX Font Info:    Overwriting symbol font `operators' in version `bold'
(Font)                  EU1/AdobeGaramondPro(0)/m/n --> EU1/AdobeGaramondPro(0)
/bx/n on input line 4.
LaTeX Font Info:    Overwriting math alphabet `\mathrm' in version `bold'
(Font)                  EU1/AdobeGaramondPro(0)/m/n --> EU1/AdobeGaramondPro(0)
/bx/n on input line 4.
LaTeX Font Info:    Overwriting math alphabet `\mathit' in version `bold'
(Font)                  OT1/cmr/bx/it --> EU1/AdobeGaramondPro(0)/bx/it on inpu
t line 4.
LaTeX Font Info:    Overwriting math alphabet `\mathsf' in version `bold'
(Font)                  OT1/cmss/bx/n --> EU1/lmss/bx/n on input line 4.
LaTeX Font Info:    Overwriting math alphabet `\mathtt' in version `bold'
(Font)                  OT1/cmtt/m/n --> EU1/lmtt/bx/n on input line 4.
 fontspec info: Defining font family 'AdobeGaramondPro(1)' for font 'Adobe Gara
mond Pro' with options [Scale=1.05,Letters=SmallCaps,LetterSpace=7.0].

\g_fontspec_AdobeGaramondPro(1)_prop=\toks41
 fontspec info: Defining shape 'normal' with NFSS spec.:
(fontspec)  <->s*[1.05]"Adobe Garamond Pro/ICU:script=latn;language=DFLT;+smcp;
letterspace=7.0;"

 fontspec info: Defining shape 'small caps' with NFSS spec.:
(fontspec)  <->s*[1.05]"Adobe Garamond Pro/ICU:script=latn;language=DFLT;+smcp;
letterspace=7.0;+smcp;"

 fontspec warning: OpenType feature 'Letters=SmallCaps' (+smcp) not available
(fontspec)  for font 'Adobe Garamond Pro/B',
(fontspec)  with script 'Latin', and language 'Default'.

 fontspec info: Defining shape 'bold' with NFSS spec.:
(fontspec)  <->s*[1.05]"Adobe Garamond Pro/B/ICU:script=latn;language=DFLT;lett
erspace=7.0;"

 fontspec warning: OpenType feature 'Letters=SmallCaps' (+smcp) not available
(fontspec)  for font 'Adobe Garamond Pro/I',
(fontspec)  with script 'Latin', and language 'Default'.

 fontspec info: Defining shape 'italic' with NFSS spec.:
(fontspec)  <->s*[1.05]"Adobe Garamond Pro/I/ICU:script=latn;language=DFLT;lett
erspace=7.0;"

 fontspec warning: OpenType feature 'Letters=SmallCaps' (+smcp) not available
(fontspec)  for font 'Adobe Garamond Pro/BI',
(fontspec)  with script 'Latin', and language 'Default'.

 fontspec info: Defining shape 'bold italic' with NFSS spec.:
(fontspec)  <->s*[1.05]"Adobe Garamond Pro/BI/ICU:script=latn;language=DFLT;let
terspace=7.0;"

LaTeX Font Info:    Font shape `EU1/AdobeGaramondPro(1)/m/n' will be
(Font)              scaled to size 10.50003pt on input line 6.
 fontspec info: Defining font family 'AdobeGaramondPro(2)' for font 'Adobe Gara
mond Pro' with options [Numbers=Uppercase,Scale=3.0].

\g_fontspec_AdobeGaramondPro(2)_prop=\toks42
 fontspec info: Defining shape 'normal' with NFSS spec.:
(fontspec)  <->s*[3.0]"Adobe Garamond Pro/ICU:script=latn;language=DFLT;+lnum;"


 fontspec info: Defining shape 'small caps' with NFSS spec.:
(fontspec)  <->s*[3.0]"Adobe Garamond Pro/ICU:script=latn;language=DFLT;+lnum;+
smcp;"

 fontspec info: Defining shape 'bold' with NFSS spec.:
(fontspec)  <->s*[3.0]"Adobe Garamond Pro/B/ICU:script=latn;language=DFLT;+lnum
;"

 fontspec info: Defining shape 'italic' with NFSS spec.:
(fontspec)  <->s*[3.0]"Adobe Garamond Pro/I/ICU:script=latn;language=DFLT;+lnum
;"

 fontspec info: Defining shape 'bold italic' with NFSS spec.:
(fontspec)  <->s*[3.0]"Adobe Garamond Pro/BI/ICU:script=latn;language=DFLT;+lnu
m;"

LaTeX Font Info:    Font shape `EU1/AdobeGaramondPro(2)/m/n' will be
(Font)              scaled to size 30.0pt on input line 6.
LaTeX Font Info:    Font shape `EU1/AdobeGaramondPro(2)/m/n' will be
(Font)              scaled to size 74.64001pt on input line 6.
 fontspec info: Defining font family 'AdobeGaramondPro(3)' for font 'Adobe Gara
mond Pro' with options [Letters=SmallCaps,LetterSpace=7.0].

\g_fontspec_AdobeGaramondPro(3)_prop=\toks43
 fontspec info: Defining shape 'normal' with NFSS spec.:
(fontspec)  <->"Adobe Garamond Pro/ICU:script=latn;language=DFLT;+smcp;lettersp
ace=7.0;"

 fontspec info: Defining shape 'small caps' with NFSS spec.:
(fontspec)  <->"Adobe Garamond Pro/ICU:script=latn;language=DFLT;+smcp;lettersp
ace=7.0;+smcp;"

 fontspec warning: OpenType feature 'Letters=SmallCaps' (+smcp) not available
(fontspec)  for font 'Adobe Garamond Pro/B',
(fontspec)  with script 'Latin', and language 'Default'.

 fontspec info: Defining shape 'bold' with NFSS spec.:
(fontspec)  <->"Adobe Garamond Pro/B/ICU:script=latn;language=DFLT;letterspace=
7.0;"

 fontspec warning: OpenType feature 'Letters=SmallCaps' (+smcp) not available
(fontspec)  for font 'Adobe Garamond Pro/I',
(fontspec)  with script 'Latin', and language 'Default'.

 fontspec info: Defining shape 'italic' with NFSS spec.:
(fontspec)  <->"Adobe Garamond Pro/I/ICU:script=latn;language=DFLT;letterspace=
7.0;"

 fontspec warning: OpenType feature 'Letters=SmallCaps' (+smcp) not available
(fontspec)  for font 'Adobe Garamond Pro/BI',
(fontspec)  with script 'Latin', and language 'Default'.

 fontspec info: Defining shape 'bold italic' with NFSS spec.:
(fontspec)  <->"Adobe Garamond Pro/BI/ICU:script=latn;language=DFLT;letterspace
=7.0;"

[1

] [2] (./Proposal.aux) ) 
Here is how much of TeX's memory you used:
 11629 strings out of 494150
 204067 string characters out of 3152950
 284485 words of memory out of 3000000
 14780 multiletter control sequences out of 15000+200000
 3736 words of font info for 26 fonts, out of 3000000 for 9000
 1018 hyphenation exceptions out of 8191
 46i,11n,100p,521b,493s stack positions out of 5000i,500n,10000p,200000b,50000s

Output written on Proposal.pdf (2 pages).
